============================= test session starts =============================
platform win32 -- Python 3.7.3, pytest-4.3.1, py-1.8.0, pluggy-0.9.0 -- C:\ProgramData\Anaconda3\python.exe
cachedir: .pytest_cache
rootdir: C:\Users\alw4834\OneDrive - The University of Texas at Austin\Documents 1\GitHub\slavv2python, inifile: pytest.ini
plugins: remotedata-0.3.1, openfiles-0.3.2, doctestplus-0.3.0, arraydiff-0.3
collecting ... collected 47 items

tests/unit/test_matlab_parser.py::TestFindBatchFolder::test_find_batch_folder_no_directory PASSED [  2%]
tests/unit/test_matlab_parser.py::TestFindBatchFolder::test_find_batch_folder_empty_directory PASSED [  4%]
tests/unit/test_matlab_parser.py::TestFindBatchFolder::test_find_batch_folder_single_batch PASSED [  6%]
tests/unit/test_matlab_parser.py::TestFindBatchFolder::test_find_batch_folder_multiple_batches PASSED [  8%]
tests/unit/test_matlab_parser.py::TestExtractVertices::test_extract_vertices_empty_data PASSED [ 10%]
tests/unit/test_matlab_parser.py::TestExtractVertices::test_extract_vertices_with_positions PASSED [ 12%]
tests/unit/test_matlab_parser.py::TestExtractVertices::test_extract_vertices_with_radii PASSED [ 14%]
tests/unit/test_matlab_parser.py::TestExtractEdges::test_extract_edges_empty_data PASSED [ 17%]
tests/unit/test_matlab_parser.py::TestExtractEdges::test_extract_edges_with_indices PASSED [ 19%]
tests/unit/test_matlab_parser.py::TestExtractEdges::test_extract_edges_with_lengths PASSED [ 21%]
tests/unit/test_matlab_parser.py::TestExtractNetworkData::test_extract_network_data_empty_data PASSED [ 23%]
tests/unit/test_matlab_parser.py::TestExtractNetworkData::test_extract_network_stats_with_strands FAILED [ 25%]
tests/unit/test_matlab_parser.py::TestLoadMatFileSafe::test_load_mat_file_nonexistent PASSED [ 27%]
tests/unit/test_matlab_parser.py::TestLoadMatFileSafe::test_load_mat_file_success PASSED [ 29%]
tests/unit/test_matlab_parser.py::TestLoadMatFileSafe::test_load_mat_file_error PASSED [ 31%]
tests/unit/test_matlab_parser.py::TestLoadMatlabBatchResults::test_load_nonexistent_folder PASSED [ 34%]
tests/unit/test_matlab_parser.py::TestLoadMatlabBatchResults::test_load_folder_is_file PASSED [ 36%]
tests/unit/test_matlab_parser.py::TestLoadMatlabBatchResults::test_load_empty_batch_folder PASSED [ 38%]
tests/unit/test_matlab_parser.py::TestLoadMatlabBatchResults::test_load_batch_folder_structure PASSED [ 40%]
tests/unit/test_matlab_parser.py::TestIntegrationScenarios::test_parse_minimal_output PASSED [ 42%]
tests/unit/test_matlab_parser.py::TestIntegrationScenarios::test_find_and_load_batch PASSED [ 44%]
tests/unit/test_matlab_parser.py::test_matlab_parser_cli PASSED          [ 46%]
tests/unit/test_matlab_parser.py::TestWithMockData::test_extract_vertices_mock PASSED [ 48%]
tests/unit/test_matlab_parser.py::TestWithMockData::test_extract_edges_mock PASSED [ 51%]
tests/unit/test_matlab_parser.py::TestWithMockData::test_complete_extraction PASSED [ 53%]
tests/unit/test_comparison_metrics.py::TestMatchVertices::test_match_empty_arrays PASSED [ 55%]
tests/unit/test_comparison_metrics.py::TestMatchVertices::test_match_identical_positions PASSED [ 57%]
tests/unit/test_comparison_metrics.py::TestMatchVertices::test_match_with_noise PASSED [ 59%]
tests/unit/test_comparison_metrics.py::TestMatchVertices::test_match_with_threshold PASSED [ 61%]
tests/unit/test_comparison_metrics.py::TestMatchVertices::test_match_more_matlab_than_python PASSED [ 63%]
tests/unit/test_comparison_metrics.py::TestCompareVertices::test_compare_empty_vertices PASSED [ 65%]
tests/unit/test_comparison_metrics.py::TestCompareVertices::test_compare_count_difference PASSED [ 68%]
tests/unit/test_comparison_metrics.py::TestCompareVertices::test_compare_with_positions PASSED [ 70%]
tests/unit/test_comparison_metrics.py::TestCompareVertices::test_compare_with_radii PASSED [ 72%]
tests/unit/test_comparison_metrics.py::TestCompareVertices::test_compare_unmatched_vertices PASSED [ 74%]
tests/unit/test_comparison_metrics.py::TestCompareEdges::test_compare_empty_edges PASSED [ 76%]
tests/unit/test_comparison_metrics.py::TestCompareEdges::test_compare_edge_counts PASSED [ 78%]
tests/unit/test_comparison_metrics.py::TestCompareEdges::test_compare_edge_lengths PASSED [ 80%]
tests/unit/test_comparison_metrics.py::TestCompareNetworks::test_compare_empty_networks PASSED [ 82%]
tests/unit/test_comparison_metrics.py::TestCompareNetworks::test_compare_strand_counts PASSED [ 85%]
tests/unit/test_comparison_metrics.py::TestEdgeCases::test_match_vertices_single_point PASSED [ 87%]
tests/unit/test_comparison_metrics.py::TestEdgeCases::test_compare_vertices_no_matches PASSED [ 89%]
tests/unit/test_comparison_metrics.py::TestEdgeCases::test_compare_with_nan_values PASSED [ 91%]
tests/unit/test_comparison_metrics.py::TestStatisticalMeasures::test_position_error_statistics PASSED [ 93%]
tests/unit/test_comparison_metrics.py::TestStatisticalMeasures::test_radius_correlation_perfect PASSED [ 95%]
tests/unit/test_comparison_metrics.py::TestWithFixtures::test_compare_sample_vertices PASSED [ 97%]
tests/unit/test_comparison_metrics.py::TestWithFixtures::test_compare_reproducibility PASSED [100%]

================================== FAILURES ===================================
_______ TestExtractNetworkData.test_extract_network_stats_with_strands ________
tests\unit\test_matlab_parser.py:164: in test_extract_network_stats_with_strands
    result = extract_network_stats(mat_data)
source\slavv\evaluation\matlab_parser.py:248: in extract_network_stats
    net = extract_network_data(mat_data)
source\slavv\evaluation\matlab_parser.py:207: in extract_network_data
    network_data['strands'] = [np.array(s) if s is not None and s.size > 0 else np.array([]) for s in strands]
source\slavv\evaluation\matlab_parser.py:207: in <listcomp>
    network_data['strands'] = [np.array(s) if s is not None and s.size > 0 else np.array([]) for s in strands]
E   TypeError: '>' not supported between instances of 'Mock' and 'int'
============================== warnings summary ===============================
C:\ProgramData\Anaconda3\lib\site-packages\numpydoc\docscrape.py:320
  C:\ProgramData\Anaconda3\lib\site-packages\numpydoc\docscrape.py:320: DeprecationWarning: invalid escape sequence \w
    if re.compile('^([\w., ]+=)?\s*[\w\.]+\(.*\)$').match(summary_str):

C:\ProgramData\Anaconda3\lib\site-packages\numpydoc\docscrape.py:392
  C:\ProgramData\Anaconda3\lib\site-packages\numpydoc\docscrape.py:392: DeprecationWarning: invalid escape sequence \*
    return [self['Signature'].replace('*', '\*')] + ['']

C:\ProgramData\Anaconda3\lib\site-packages\numpydoc\docscrape.py:524
  C:\ProgramData\Anaconda3\lib\site-packages\numpydoc\docscrape.py:524: DeprecationWarning: invalid escape sequence \*
    signature = '%s%s' % (func_name, signature.replace('*', '\*'))

C:\ProgramData\Anaconda3\lib\site-packages\numpydoc\docscrape.py:541
  C:\ProgramData\Anaconda3\lib\site-packages\numpydoc\docscrape.py:541: DeprecationWarning: invalid escape sequence \*
    signature = self['Signature'].replace('*', '\*')

C:\ProgramData\Anaconda3\lib\site-packages\numpydoc\docscrape.py:109
  C:\ProgramData\Anaconda3\lib\site-packages\numpydoc\docscrape.py:109: DeprecationWarning: Using or importing the ABCs from 'collections' instead of from 'collections.abc' is deprecated, and in 3.8 it will stop working
    class NumpyDocString(collections.Mapping):

C:\ProgramData\Anaconda3\lib\site-packages\numba\ir.py:27
  C:\ProgramData\Anaconda3\lib\site-packages\numba\ir.py:27: DeprecationWarning: invalid escape sequence \s
    _defmatcher = re.compile('def\s+(\w+)\(.*')

C:\ProgramData\Anaconda3\lib\site-packages\numba\types\__init__.py:109
  C:\ProgramData\Anaconda3\lib\site-packages\numba\types\__init__.py:109: DeprecationWarning: `np.long` is a deprecated alias for `np.compat.long`. To silence this warning, use `np.compat.long` by itself. In the likely event your code does not need to work on Python 2 you can use the builtin `int` for which `np.compat.long` is itself an alias. Doing this will not modify any behaviour and is safe. When replacing `np.long`, you may wish to use e.g. `np.int64` or `np.int32` to specify the precision. If you wish to review your current use, check the release note link for additional information.
  Deprecated in NumPy 1.20; for more details and guidance: https://numpy.org/devdocs/release/1.20.0-notes.html#deprecations
    long_ = _make_signed(np.long)

C:\ProgramData\Anaconda3\lib\site-packages\numba\types\__init__.py:110
  C:\ProgramData\Anaconda3\lib\site-packages\numba\types\__init__.py:110: DeprecationWarning: `np.long` is a deprecated alias for `np.compat.long`. To silence this warning, use `np.compat.long` by itself. In the likely event your code does not need to work on Python 2 you can use the builtin `int` for which `np.compat.long` is itself an alias. Doing this will not modify any behaviour and is safe. When replacing `np.long`, you may wish to use e.g. `np.int64` or `np.int32` to specify the precision. If you wish to review your current use, check the release note link for additional information.
  Deprecated in NumPy 1.20; for more details and guidance: https://numpy.org/devdocs/release/1.20.0-notes.html#deprecations
    ulong = _make_unsigned(np.long)

C:\ProgramData\Anaconda3\lib\site-packages\numba\annotations\type_annotations.py:282
  C:\ProgramData\Anaconda3\lib\site-packages\numba\annotations\type_annotations.py:282: DeprecationWarning: invalid escape sequence \s
    re_longest_white_prefix = re.compile('^\s*')

C:\ProgramData\Anaconda3\lib\site-packages\numba\appdirs.py:130
  C:\ProgramData\Anaconda3\lib\site-packages\numba\appdirs.py:130: DeprecationWarning: invalid escape sequence \D
    """

C:\ProgramData\Anaconda3\lib\site-packages\numba\appdirs.py:235
  C:\ProgramData\Anaconda3\lib\site-packages\numba\appdirs.py:235: DeprecationWarning: invalid escape sequence \P
    """

C:\ProgramData\Anaconda3\lib\site-packages\networkx\classes\reportviews.py:95
C:\ProgramData\Anaconda3\lib\site-packages\networkx\classes\reportviews.py:95
  C:\ProgramData\Anaconda3\lib\site-packages\networkx\classes\reportviews.py:95: DeprecationWarning: Using or importing the ABCs from 'collections' instead of from 'collections.abc' is deprecated, and in 3.8 it will stop working
    from collections import Mapping, Set, Iterable

C:\ProgramData\Anaconda3\lib\site-packages\networkx\generators\expanders.py:70
  C:\ProgramData\Anaconda3\lib\site-packages\networkx\generators\expanders.py:70: DeprecationWarning: invalid escape sequence \s
    """

C:\ProgramData\Anaconda3\lib\site-packages\networkx\generators\geometric.py:275
  C:\ProgramData\Anaconda3\lib\site-packages\networkx\generators\geometric.py:275: DeprecationWarning: invalid escape sequence \l
    """

C:\ProgramData\Anaconda3\lib\site-packages\networkx\generators\geometric.py:764
  C:\ProgramData\Anaconda3\lib\site-packages\networkx\generators\geometric.py:764: DeprecationWarning: invalid escape sequence \l
    """

C:\ProgramData\Anaconda3\lib\site-packages\networkx\algorithms\centrality\current_flow_betweenness.py:325
  C:\ProgramData\Anaconda3\lib\site-packages\networkx\algorithms\centrality\current_flow_betweenness.py:325: DeprecationWarning: invalid escape sequence \l
    """

C:\ProgramData\Anaconda3\lib\site-packages\networkx\algorithms\cluster.py:537
  C:\ProgramData\Anaconda3\lib\site-packages\networkx\algorithms\cluster.py:537: DeprecationWarning: invalid escape sequence \m
    """

C:\ProgramData\Anaconda3\lib\site-packages\networkx\algorithms\reciprocity.py:47
  C:\ProgramData\Anaconda3\lib\site-packages\networkx\algorithms\reciprocity.py:47: DeprecationWarning: invalid escape sequence \i
    """

C:\ProgramData\Anaconda3\lib\site-packages\networkx\algorithms\shortest_paths\weighted.py:1996
  C:\ProgramData\Anaconda3\lib\site-packages\networkx\algorithms\shortest_paths\weighted.py:1996: DeprecationWarning: invalid escape sequence \p
    """

C:\ProgramData\Anaconda3\lib\site-packages\networkx\algorithms\connectivity\connectivity.py:302
  C:\ProgramData\Anaconda3\lib\site-packages\networkx\algorithms\connectivity\connectivity.py:302: DeprecationWarning: invalid escape sequence \d
    """

C:\ProgramData\Anaconda3\lib\site-packages\networkx\algorithms\flow\preflowpush.py:426
  C:\ProgramData\Anaconda3\lib\site-packages\networkx\algorithms\flow\preflowpush.py:426: DeprecationWarning: invalid escape sequence \s
    """

C:\ProgramData\Anaconda3\lib\site-packages\networkx\algorithms\flow\shortestaugmentingpath.py:298
  C:\ProgramData\Anaconda3\lib\site-packages\networkx\algorithms\flow\shortestaugmentingpath.py:298: DeprecationWarning: invalid escape sequence \m
    """

C:\ProgramData\Anaconda3\lib\site-packages\networkx\algorithms\connectivity\stoerwagner.py:94
  C:\ProgramData\Anaconda3\lib\site-packages\networkx\algorithms\connectivity\stoerwagner.py:94: DeprecationWarning: invalid escape sequence \l
    """

C:\ProgramData\Anaconda3\lib\site-packages\networkx\generators\lattice.py:226
  C:\ProgramData\Anaconda3\lib\site-packages\networkx\generators\lattice.py:226: DeprecationWarning: invalid escape sequence \s
    """

C:\ProgramData\Anaconda3\lib\site-packages\networkx\generators\line.py:113
  C:\ProgramData\Anaconda3\lib\site-packages\networkx\generators\line.py:113: DeprecationWarning: invalid escape sequence \{
    """

C:\ProgramData\Anaconda3\lib\site-packages\networkx\readwrite\graphml.py:346
  C:\ProgramData\Anaconda3\lib\site-packages\networkx\readwrite\graphml.py:346: DeprecationWarning: `np.int` is a deprecated alias for the builtin `int`. To silence this warning, use `int` by itself. Doing this will not modify any behavior and is safe. When replacing `np.int`, you may wish to use e.g. `np.int64` or `np.int32` to specify the precision. If you wish to review your current use, check the release note link for additional information.
  Deprecated in NumPy 1.20; for more details and guidance: https://numpy.org/devdocs/release/1.20.0-notes.html#deprecations
    (np.int, "int"), (np.int8, "int"),

C:\ProgramData\Anaconda3\lib\site-packages\networkx\linalg\modularitymatrix.py:74
  C:\ProgramData\Anaconda3\lib\site-packages\networkx\linalg\modularitymatrix.py:74: DeprecationWarning: invalid escape sequence \o
    """

C:\ProgramData\Anaconda3\lib\site-packages\pandas\util\testing.py:20
  C:\ProgramData\Anaconda3\lib\site-packages\pandas\util\testing.py:20: DeprecationWarning: `np.bool` is a deprecated alias for the builtin `bool`. To silence this warning, use `bool` by itself. Doing this will not modify any behavior and is safe. If you specifically wanted the numpy scalar type, use `np.bool_` here.
  Deprecated in NumPy 1.20; for more details and guidance: https://numpy.org/devdocs/release/1.20.0-notes.html#deprecations
    from pandas._libs import testing as _testing

C:\ProgramData\Anaconda3\lib\site-packages\nose\config.py:178
  C:\ProgramData\Anaconda3\lib\site-packages\nose\config.py:178: DeprecationWarning: invalid escape sequence \.
    """

C:\ProgramData\Anaconda3\lib\site-packages\sklearn\ensemble\gradient_boosting.py:34
C:\ProgramData\Anaconda3\lib\site-packages\sklearn\ensemble\gradient_boosting.py:34
  C:\ProgramData\Anaconda3\lib\site-packages\sklearn\ensemble\gradient_boosting.py:34: DeprecationWarning: `np.bool` is a deprecated alias for the builtin `bool`. To silence this warning, use `bool` by itself. Doing this will not modify any behavior and is safe. If you specifically wanted the numpy scalar type, use `np.bool_` here.
  Deprecated in NumPy 1.20; for more details and guidance: https://numpy.org/devdocs/release/1.20.0-notes.html#deprecations
    from ._gradient_boosting import predict_stages

C:\ProgramData\Anaconda3\lib\site-packages\sklearn\linear_model\least_angle.py:35
  C:\ProgramData\Anaconda3\lib\site-packages\sklearn\linear_model\least_angle.py:35: DeprecationWarning: `np.float` is a deprecated alias for the builtin `float`. To silence this warning, use `float` by itself. Doing this will not modify any behavior and is safe. If you specifically wanted the numpy scalar type, use `np.float64` here.
  Deprecated in NumPy 1.20; for more details and guidance: https://numpy.org/devdocs/release/1.20.0-notes.html#deprecations
    eps=np.finfo(np.float).eps,

C:\ProgramData\Anaconda3\lib\site-packages\sklearn\linear_model\least_angle.py:597
  C:\ProgramData\Anaconda3\lib\site-packages\sklearn\linear_model\least_angle.py:597: DeprecationWarning: `np.float` is a deprecated alias for the builtin `float`. To silence this warning, use `float` by itself. Doing this will not modify any behavior and is safe. If you specifically wanted the numpy scalar type, use `np.float64` here.
  Deprecated in NumPy 1.20; for more details and guidance: https://numpy.org/devdocs/release/1.20.0-notes.html#deprecations
    eps=np.finfo(np.float).eps, copy_X=True, fit_path=True,

C:\ProgramData\Anaconda3\lib\site-packages\sklearn\linear_model\least_angle.py:836
  C:\ProgramData\Anaconda3\lib\site-packages\sklearn\linear_model\least_angle.py:836: DeprecationWarning: `np.float` is a deprecated alias for the builtin `float`. To silence this warning, use `float` by itself. Doing this will not modify any behavior and is safe. If you specifically wanted the numpy scalar type, use `np.float64` here.
  Deprecated in NumPy 1.20; for more details and guidance: https://numpy.org/devdocs/release/1.20.0-notes.html#deprecations
    eps=np.finfo(np.float).eps, copy_X=True, fit_path=True,

C:\ProgramData\Anaconda3\lib\site-packages\sklearn\linear_model\least_angle.py:862
  C:\ProgramData\Anaconda3\lib\site-packages\sklearn\linear_model\least_angle.py:862: DeprecationWarning: `np.float` is a deprecated alias for the builtin `float`. To silence this warning, use `float` by itself. Doing this will not modify any behavior and is safe. If you specifically wanted the numpy scalar type, use `np.float64` here.
  Deprecated in NumPy 1.20; for more details and guidance: https://numpy.org/devdocs/release/1.20.0-notes.html#deprecations
    eps=np.finfo(np.float).eps, positive=False):

C:\ProgramData\Anaconda3\lib\site-packages\sklearn\linear_model\least_angle.py:1097
  C:\ProgramData\Anaconda3\lib\site-packages\sklearn\linear_model\least_angle.py:1097: DeprecationWarning: `np.float` is a deprecated alias for the builtin `float`. To silence this warning, use `float` by itself. Doing this will not modify any behavior and is safe. If you specifically wanted the numpy scalar type, use `np.float64` here.
  Deprecated in NumPy 1.20; for more details and guidance: https://numpy.org/devdocs/release/1.20.0-notes.html#deprecations
    max_n_alphas=1000, n_jobs=None, eps=np.finfo(np.float).eps,

C:\ProgramData\Anaconda3\lib\site-packages\sklearn\linear_model\least_angle.py:1344
  C:\ProgramData\Anaconda3\lib\site-packages\sklearn\linear_model\least_angle.py:1344: DeprecationWarning: `np.float` is a deprecated alias for the builtin `float`. To silence this warning, use `float` by itself. Doing this will not modify any behavior and is safe. If you specifically wanted the numpy scalar type, use `np.float64` here.
  Deprecated in NumPy 1.20; for more details and guidance: https://numpy.org/devdocs/release/1.20.0-notes.html#deprecations
    max_n_alphas=1000, n_jobs=None, eps=np.finfo(np.float).eps,

C:\ProgramData\Anaconda3\lib\site-packages\sklearn\linear_model\least_angle.py:1480
  C:\ProgramData\Anaconda3\lib\site-packages\sklearn\linear_model\least_angle.py:1480: DeprecationWarning: `np.float` is a deprecated alias for the builtin `float`. To silence this warning, use `float` by itself. Doing this will not modify any behavior and is safe. If you specifically wanted the numpy scalar type, use `np.float64` here.
  Deprecated in NumPy 1.20; for more details and guidance: https://numpy.org/devdocs/release/1.20.0-notes.html#deprecations
    eps=np.finfo(np.float).eps, copy_X=True, positive=False):

C:\ProgramData\Anaconda3\lib\site-packages\sklearn\linear_model\randomized_l1.py:152
  C:\ProgramData\Anaconda3\lib\site-packages\sklearn\linear_model\randomized_l1.py:152: DeprecationWarning: `np.float` is a deprecated alias for the builtin `float`. To silence this warning, use `float` by itself. Doing this will not modify any behavior and is safe. If you specifically wanted the numpy scalar type, use `np.float64` here.
  Deprecated in NumPy 1.20; for more details and guidance: https://numpy.org/devdocs/release/1.20.0-notes.html#deprecations
    precompute=False, eps=np.finfo(np.float).eps,

C:\ProgramData\Anaconda3\lib\site-packages\sklearn\linear_model\randomized_l1.py:320
  C:\ProgramData\Anaconda3\lib\site-packages\sklearn\linear_model\randomized_l1.py:320: DeprecationWarning: `np.float` is a deprecated alias for the builtin `float`. To silence this warning, use `float` by itself. Doing this will not modify any behavior and is safe. If you specifically wanted the numpy scalar type, use `np.float64` here.
  Deprecated in NumPy 1.20; for more details and guidance: https://numpy.org/devdocs/release/1.20.0-notes.html#deprecations
    eps=np.finfo(np.float).eps, random_state=None,

C:\ProgramData\Anaconda3\lib\site-packages\sklearn\linear_model\randomized_l1.py:580
  C:\ProgramData\Anaconda3\lib\site-packages\sklearn\linear_model\randomized_l1.py:580: DeprecationWarning: `np.float` is a deprecated alias for the builtin `float`. To silence this warning, use `float` by itself. Doing this will not modify any behavior and is safe. If you specifically wanted the numpy scalar type, use `np.float64` here.
  Deprecated in NumPy 1.20; for more details and guidance: https://numpy.org/devdocs/release/1.20.0-notes.html#deprecations
    eps=4 * np.finfo(np.float).eps, n_jobs=None,

-- Docs: https://docs.pytest.org/en/latest/warnings.html
============== 1 failed, 46 passed, 42 warnings in 4.95 seconds ===============
